[2022-03-04T20:26:18.767] [ERROR] mysqlErr - mysql connect error: Error: Unknown database 'yuanfang'
    at Packet.asError (/Users/zhangzheng/WebstormProjects/taro-travel/node_modules/mysql2/lib/packets/packet.js:728:17)
    at ClientHandshake.execute (/Users/zhangzheng/WebstormProjects/taro-travel/node_modules/mysql2/lib/commands/command.js:29:26)
    at Connection.handlePacket (/Users/zhangzheng/WebstormProjects/taro-travel/node_modules/mysql2/lib/connection.js:456:32)
    at PacketParser.onPacket (/Users/zhangzheng/WebstormProjects/taro-travel/node_modules/mysql2/lib/connection.js:85:12)
    at PacketParser.executeStart (/Users/zhangzheng/WebstormProjects/taro-travel/node_modules/mysql2/lib/packet_parser.js:75:16)
    at Socket.<anonymous> (/Users/zhangzheng/WebstormProjects/taro-travel/node_modules/mysql2/lib/connection.js:92:25)
    at Socket.emit (node:events:520:28)
    at addChunk (node:internal/streams/readable:315:12)
    at readableAddChunk (node:internal/streams/readable:289:9)
    at Socket.Readable.push (node:internal/streams/readable:228:10) {
  code: 'ER_BAD_DB_ERROR',
  errno: 1049,
  sqlState: '42000',
  sqlMessage: "Unknown database 'yuanfang'",
  sql: undefined
}
[2022-03-04T20:26:18.770] [ERROR] mysqlErr - mysql connect error: Error: Unknown database 'yuanfang'
    at Packet.asError (/Users/zhangzheng/WebstormProjects/taro-travel/node_modules/mysql2/lib/packets/packet.js:728:17)
    at ClientHandshake.execute (/Users/zhangzheng/WebstormProjects/taro-travel/node_modules/mysql2/lib/commands/command.js:29:26)
    at Connection.handlePacket (/Users/zhangzheng/WebstormProjects/taro-travel/node_modules/mysql2/lib/connection.js:456:32)
    at PacketParser.onPacket (/Users/zhangzheng/WebstormProjects/taro-travel/node_modules/mysql2/lib/connection.js:85:12)
    at PacketParser.executeStart (/Users/zhangzheng/WebstormProjects/taro-travel/node_modules/mysql2/lib/packet_parser.js:75:16)
    at Socket.<anonymous> (/Users/zhangzheng/WebstormProjects/taro-travel/node_modules/mysql2/lib/connection.js:92:25)
    at Socket.emit (node:events:520:28)
    at addChunk (node:internal/streams/readable:315:12)
    at readableAddChunk (node:internal/streams/readable:289:9)
    at Socket.Readable.push (node:internal/streams/readable:228:10) {
  code: 'ER_BAD_DB_ERROR',
  errno: 1049,
  sqlState: '42000',
  sqlMessage: "Unknown database 'yuanfang'",
  sql: undefined
}
[2022-03-04T20:54:43.166] [ERROR] mysqlErr - mysql connect error: null
[2022-03-04T23:29:53.799] [ERROR] mysqlErr - mysql connect error: null
[2022-03-04T23:39:23.399] [ERROR] mysqlErr - mysql connect error: null
[2022-03-05T00:11:54.827] [ERROR] mysqlErr - mysql connect error: null
[2022-03-05T00:12:07.150] [ERROR] mysqlErr - mysql connect error: null
[2022-03-05T00:15:51.263] [ERROR] mysqlErr - mysql connect error: null
[2022-03-05T00:16:41.561] [ERROR] mysqlErr - mysql connect error: null
[2022-03-05T00:17:13.231] [ERROR] mysqlErr - mysql connect error: null
[2022-03-05T00:17:26.331] [ERROR] mysqlErr - mysql connect error: null
[2022-03-05T00:17:37.912] [ERROR] mysqlErr - mysql connect error: null
[2022-03-05T00:19:36.961] [ERROR] mysqlErr - mysql connect error: null
[2022-03-05T00:19:51.124] [ERROR] mysqlErr - mysql connect error: null
[2022-03-05T00:20:08.219] [ERROR] mysqlErr - mysql connect error: null
[2022-03-05T00:20:23.210] [ERROR] mysqlErr - mysql connect error: null
[2022-03-05T00:24:42.617] [ERROR] mysqlErr - mysql connect error: null
[2022-03-05T00:26:26.909] [ERROR] mysqlErr - mysql connect error: null
[2022-03-05T00:27:42.820] [ERROR] mysqlErr - mysql connect error: null
[2022-03-05T00:34:17.397] [ERROR] mysqlErr - mysql connect error: null
[2022-03-05T00:34:25.878] [ERROR] mysqlErr - mysql connect error: null
[2022-03-05T00:36:50.936] [ERROR] mysqlErr - mysql connect error: null
[2022-03-05T00:38:17.929] [ERROR] mysqlErr - mysql connect error: null
[2022-03-05T00:39:13.100] [ERROR] mysqlErr - mysql connect error: null
[2022-03-05T00:39:49.016] [ERROR] mysqlErr - mysql connect error: null
[2022-03-05T00:39:58.282] [ERROR] mysqlErr - mysql connect error: null
[2022-03-05T00:41:21.098] [ERROR] mysqlErr - mysql connect error: null
[2022-03-05T00:41:27.203] [ERROR] mysqlErr - mysql connect error: null
[2022-03-05T00:45:27.244] [ERROR] mysqlErr - mysql connect error: null
[2022-03-05T00:47:03.038] [ERROR] mysqlErr - mysql connect error: null
[2022-03-05T00:49:43.327] [ERROR] mysqlErr - mysql connect error: null
[2022-03-05T00:49:50.092] [ERROR] mysqlErr - mysql connect error: null
[2022-03-05T00:51:30.304] [ERROR] mysqlErr - mysql connect error: null
[2022-03-05T00:51:51.362] [ERROR] mysqlErr - mysql connect error: null
[2022-03-05T00:57:09.471] [ERROR] mysqlErr - mysql connect error: null
[2022-03-05T00:57:13.983] [ERROR] mysqlErr - mysql connect error: null
